<html>
<body>
<pre>
<h1>µVision Build Log</h1>
<h2>Tool Versions:</h2>
IDE-Version: ¦ÌVision V5.18.0.0
Copyright (C) 2016 ARM Ltd and ARM Germany GmbH. All rights reserved.
License Information: 1 1, 11, LIC=PE7DL-09S8N-VE0HA-1B4YT-HAENE-SXDH9
 
Tool Versions:
Toolchain:       MDK-ARM Standard  Version: 5.18
Toolchain Path:  D:\KEIL5\keil5\ARM\ARMCC\Bin
C Compiler:      Armcc.exe V5.06 update 1 (build 61)
Assembler:       Armasm.exe V5.06 update 1 (build 61)
Linker/Locator:  ArmLink.exe V5.06 update 1 (build 61)
Library Manager: ArmAr.exe V5.06 update 1 (build 61)
Hex Converter:   FromElf.exe V5.06 update 1 (build 61)
CPU DLL:         SARMCM3.DLL V5.18
Dialog DLL:      DARMCM1.DLL V1.12.0.0
Target DLL:      CMSIS_AGDI.dll V1.25.7.0
Dialog DLL:      TARMCM1.DLL V1.9.0.0
 
<h2>Project:</h2>
D:\HT\software\HT_project\User\template.uvprojx
Project File Date:  04/30/2023

<h2>Output:</h2>
*** Using Compiler 'V5.06 update 1 (build 61)', folder: 'D:\KEIL5\keil5\ARM\ARMCC\Bin'
Build target 'Template'
compiling main.c...
main.c(11): error:  #169: expected a declaration
  <<<<<<< HEAD
..\Hardware\TRACK\track.h(12): warning:  #12-D: parsing restarts here after previous syntax error
  extern uint8_t right1_state,right2_state,left1_state,left2_state,middle_state;
main.c(35): error:  #169: expected a declaration
  =======
main.c(39): error:  #169: expected a declaration
  >>>>>>> 00baff4cd54284260955c2d0773a16d4d36686ed
main.c(46): error:  #29: expected an expression
  <<<<<<< HEAD
main.c(111): error:  #29: expected an expression
  =======
main.c(163): warning:  #223-D: function "servos1_angle" declared implicitly
  	servos1_angle(45);
main.c(164): warning:  #223-D: function "servos2_angle" declared implicitly
  	servos2_angle(45);
main.c(165): error:  #29: expected an expression
  >>>>>>> 00baff4cd54284260955c2d0773a16d4d36686ed
main.c(166): error:  #65: expected a ";"
  }
main.c(201): warning:  #167-D: argument of type "volatile position_pid *" is incompatible with parameter of type "position_pid *"
  			Speed_pid_ctrl(Speedl.target_value,&Speedl);//?Ù¶È»?
main.c(202): warning:  #167-D: argument of type "volatile position_pid *" is incompatible with parameter of type "position_pid *"
  			Speed_pid_ctrl(Speedr.target_value,&Speedr);
main.c: 5 warnings, 7 errors
compiling ht32f5xxxx_01_it.c...
compiling pwm.c...
compiling pid.c...
compiling encoder.c...
compiling timdelay.c...
compiling ht32_usbd_core.c...
compiling delay.c...
compiling usart.c...
compiling isd1820.c...
compiling hx711.c...
compiling MatrixKey.c...
compiling track.c...
compiling oled.c...
compiling Cloud.c...
..\Hardware\Cloud\Cloud.c(65): warning:  #177-D: variable "temp" was declared but never referenced
  	char temp[256];	//·¢??×´Ì¬»º????
..\Hardware\Cloud\Cloud.c: 1 warning, 0 errors
compiling system_ht32f5xxxx_01.c...
compiling ht32f5xxxx_bftm.c...
compiling ht32_cm0plus_misc.c...
compiling ht32f5xxxx_ebi.c...
compiling ht32f5xxxx_adc.c...
compiling ht32f5xxxx_i2s.c...
compiling ht32f5xxxx_cmp.c...
compiling ht32f5xxxx_exti.c...
compiling ht32f5xxxx_crc.c...
compiling ht32f5xxxx_ckcu.c...
compiling ht32f5xxxx_mctm.c...
compiling ht32f5xxxx_i2c.c...
compiling ht32f5xxxx_gpio.c...
compiling ht32f5xxxx_flash.c...
compiling ht32f5xxxx_pdma.c...
compiling ht32f5xxxx_pwrcu.c...
compiling ht32f5xxxx_rtc.c...
compiling ht32f5xxxx_rstcu.c...
compiling ht32f5xxxx_spi.c...
compiling ht32f5xxxx_sci.c...
compiling ht32f5xxxx_usart.c...
compiling ht32f5xxxx_wdt.c...
compiling ht32f5xxxx_usbd.c...
compiling ht32f5xxxx_tm.c...
compiling ht32_retarget.c...
compiling ht32_board.c...
compiling ht32_serial.c...
compiling i2c_eeprom.c...
"..\OBJ\template.axf" - 7 Error(s), 6 Warning(s).

<h2>Collection of Component include folders:</h2>
  D:\HT\software\HT_project\User\RTE
  D:\KEIL5\keil5\ARM\PACK\Holtek\HT32_DFP\1.0.44\ARM\INC\Holtek\HT32F5xxxx

<h2>Collection of Component Files used:</h2>
Target not created.
Build Time Elapsed:  00:00:03
</pre>
</body>
</html>
